[28.02.2024 10:53:37] [–û–¢–ö–õ–û–ù–ï–ù] [–û–ø–µ—Ä–∞—Ü–∏—è –Ω–µ –Ω–∞–π–¥–µ–Ω–∞.] 
[28.02.2024 13:39:17] [5400000000000000] --> [5400000000000001] [–°—É–º–º–∞: 500] [–ö–æ–º–∏—Å—Å–∏—è: 5] [–û–¢–ö–õ–û–ù–ï–ù] [–ö–æ–¥ –ø–æ–¥—Ç–≤–µ—Ä–∂–¥–µ–Ω–∏—è –æ–ø–µ—Ä–∞—Ü–∏–∏ –Ω–µ–≤–µ—Ä–µ–Ω.] 
[28.02.2024 13:39:39] [5400000000000000] --> [5400000000000001] [–°—É–º–º–∞: 500] [–ö–æ–º–∏—Å—Å–∏—è: 5] [–û–¢–ö–õ–û–ù–ï–ù] [–ö–æ–¥ –ø–æ–¥—Ç–≤–µ—Ä–∂–¥–µ–Ω–∏—è –æ–ø–µ—Ä–∞—Ü–∏–∏ –Ω–µ–≤–µ—Ä–µ–Ω.] 
[28.02.2024 13:40:43] [–û–¢–ö–õ–û–ù–ï–ù] [–û–ø–µ—Ä–∞—Ü–∏—è –Ω–µ –Ω–∞–π–¥–µ–Ω–∞.] 
[28.02.2024 13:40:52] [–û–¢–ö–õ–û–ù–ï–ù] [–û–ø–µ—Ä–∞—Ü–∏—è –Ω–µ –Ω–∞–π–¥–µ–Ω–∞.] 
[28.02.2024 13:40:56] [5400000000000000] --> [5400000000000001] [–°—É–º–º–∞: 500] [–ö–æ–º–∏—Å—Å–∏—è: 5] [–û–¢–ö–õ–û–ù–ï–ù] [–ö–æ–¥ –ø–æ–¥—Ç–≤–µ—Ä–∂–¥–µ–Ω–∏—è –æ–ø–µ—Ä–∞—Ü–∏–∏ –Ω–µ–≤–µ—Ä–µ–Ω.] 
[28.02.2024 13:43:11] [–û–¢–ö–õ–û–ù–ï–ù] [–û–ø–µ—Ä–∞—Ü–∏—è –Ω–µ –Ω–∞–π–¥–µ–Ω–∞.] 
[28.02.2024 13:46:38] [5400000000000000] --> [5400000000000001] [–°—É–º–º–∞: 500] [–ö–æ–º–∏—Å—Å–∏—è: 5] [–û–¢–ö–õ–û–ù–ï–ù] [–ö–æ–¥ –ø–æ–¥—Ç–≤–µ—Ä–∂–¥–µ–Ω–∏—è –æ–ø–µ—Ä–∞—Ü–∏–∏ –Ω–µ–≤–µ—Ä–µ–Ω.] 
[28.02.2024 14:03:56] [5400000100000000] --> [5400000000000001] [–°—É–º–º–∞: 500] [–ö–æ–º–∏—Å—Å–∏—è: 5] [–û–¢–ö–õ–û–ù–ï–ù] [–ö–∞—Ä—Ç–∞ –æ—Ç–ø—Ä–∞–≤–∏—Ç–µ–ª—è –Ω–µ –Ω–∞–π–¥–µ–Ω–∞.] 
[28.02.2024 14:26:50] [5400000000000000] --> [5400000000000001] [–°—É–º–º–∞: 500] [–ö–æ–º–∏—Å—Å–∏—è: 5] [–û–¢–ö–õ–û–ù–ï–ù] [–ö–æ–¥ –ø–æ–¥—Ç–≤–µ—Ä–∂–¥–µ–Ω–∏—è –æ–ø–µ—Ä–∞—Ü–∏–∏ –Ω–µ–≤–µ—Ä–µ–Ω.] 
[28.02.2024 14:28:12] [5400000000000000] --> [5400000000000001] [–°—É–º–º–∞: 500] [–ö–æ–º–∏—Å—Å–∏—è: 5] [–û–¢–ö–õ–û–ù–ï–ù] [–ö–æ–¥ –ø–æ–¥—Ç–≤–µ—Ä–∂–¥–µ–Ω–∏—è –æ–ø–µ—Ä–∞—Ü–∏–∏ –Ω–µ–≤–µ—Ä–µ–Ω.] 
[28.02.2024 14:29:17] [5400000000000000] --> [5400000000000001] [–°—É–º–º–∞: 500] [–ö–æ–º–∏—Å—Å–∏—è: 5] [–£–°–ü–ï–®–ù–û] 
[28.02.2024 14:38:33] [5400000000000000] --> [5400000000000001] [–°—É–º–º–∞: 500] [–ö–æ–º–∏—Å—Å–∏—è: 5] [–û–¢–ö–õ–û–ù–ï–ù] [–ö–æ–¥ –ø–æ–¥—Ç–≤–µ—Ä–∂–¥–µ–Ω–∏—è –æ–ø–µ—Ä–∞—Ü–∏–∏ –Ω–µ–≤–µ—Ä–µ–Ω.] 
[28.02.2024 14:39:34] [5400000000000000] --> [5400000000000001] [–°—É–º–º–∞: 500] [–ö–æ–º–∏—Å—Å–∏—è: 5] [–£–°–ü–ï–®–ù–û] 
[28.02.2024 14:42:39] [5400000000000000] --> [5400000000000001] [–°—É–º–º–∞: 10000] [–ö–æ–º–∏—Å—Å–∏—è: 100] [–û–¢–ö–õ–û–ù–ï–ù] [–ù–∞ –∫–∞—Ä—Ç–µ –æ—Ç–ø—Ä–∞–≤–∏—Ç–µ–ª—è –Ω–µ–¥–æ—Å—Ç–∞—Ç–æ—á–Ω–æ —Å—Ä–µ–¥—Å—Ç–≤ –¥–ª—è –ø–µ—Ä–µ–≤–æ–¥–∞.] 
[28.02.2024 14:43:06] [5400000000000000] --> [5400000000000001] [–°—É–º–º–∞: 9500] [–ö–æ–º–∏—Å—Å–∏—è: 95] [–û–¢–ö–õ–û–ù–ï–ù] [–ù–∞ –∫–∞—Ä—Ç–µ –æ—Ç–ø—Ä–∞–≤–∏—Ç–µ–ª—è –Ω–µ–¥–æ—Å—Ç–∞—Ç–æ—á–Ω–æ —Å—Ä–µ–¥—Å—Ç–≤ –¥–ª—è –ø–µ—Ä–µ–≤–æ–¥–∞.] 
[28.02.2024 14:43:31] [–û–¢–ö–õ–û–ù–ï–ù] [–û–ø–µ—Ä–∞—Ü–∏—è –Ω–µ –Ω–∞–π–¥–µ–Ω–∞.] 
[28.02.2024 14:43:36] [5400000000000000] --> [5400000000000001] [–°—É–º–º–∞: 9400] [–ö–æ–º–∏—Å—Å–∏—è: 94] [–£–°–ü–ï–®–ù–û] 
[28.02.2024 14:44:47] [5400000000000001] --> [5400000000000000] [–°—É–º–º–∞: 13000] [–ö–æ–º–∏—Å—Å–∏—è: 130] [–£–°–ü–ï–®–ù–û] 
[28.02.2024 14:47:47] [5400000000000000 - 4950 RUB] --> [5400000000000001 - 20000 RUB] [–°—É–º–º–∞: 5000 RUB] [–ö–æ–º–∏—Å—Å–∏—è: 50 RUB] [–£–°–ü–ï–®–ù–û] 
[28.02.2024 15:20:11] [5400000000000000 - 10000 RUB] --> [5400000000000001 - 15000 RUB] [–°—É–º–º–∞: 10000 RUB] [–ö–æ–º–∏—Å—Å–∏—è: 100 RUB] [–û–¢–ö–õ–û–ù–ï–ù] [–ù–∞ –∫–∞—Ä—Ç–µ –æ—Ç–ø—Ä–∞–≤–∏—Ç–µ–ª—è –Ω–µ–¥–æ—Å—Ç–∞—Ç–æ—á–Ω–æ —Å—Ä–µ–¥—Å—Ç–≤ –¥–ª—è –ø–µ—Ä–µ–≤–æ–¥–∞.] 
[28.02.2024 15:35:56] [5400000000000000 - 4950 RUB] --> [5400000000000001 - 20000 RUB] [–°—É–º–º–∞: 5000 RUB] [–ö–æ–º–∏—Å—Å–∏—è: 50 RUB] [–£–°–ü–ï–®–ù–û] 
[28.02.2024 15:35:56] [5400000000000000 - 4950 RUB] --> [5400000000000001 - 20000 RUB] [–°—É–º–º–∞: 20000 RUB] [–ö–æ–º–∏—Å—Å–∏—è: 200 RUB] [–û–¢–ö–õ–û–ù–ï–ù] [–ù–∞ –∫–∞—Ä—Ç–µ –æ—Ç–ø—Ä–∞–≤–∏—Ç–µ–ª—è –Ω–µ–¥–æ—Å—Ç–∞—Ç–æ—á–Ω–æ —Å—Ä–µ–¥—Å—Ç–≤ –¥–ª—è –ø–µ—Ä–µ–≤–æ–¥–∞.] 
[28.02.2024 15:35:56] [–û–¢–ö–õ–û–ù–ï–ù] [–û–ø–µ—Ä–∞—Ü–∏—è –Ω–µ –Ω–∞–π–¥–µ–Ω–∞.] 
[28.02.2024 15:38:08] [5400000000000000 - 4950 RUB] --> [5400000000000001 - 20000 RUB] [–°—É–º–º–∞: 5000 RUB] [–ö–æ–º–∏—Å—Å–∏—è: 50 RUB] [–£–°–ü–ï–®–ù–û] 
[28.02.2024 15:38:08] [5400000000000000 - 4950 RUB] --> [5400000000000001 - 20000 RUB] [–°—É–º–º–∞: 20000 RUB] [–ö–æ–º–∏—Å—Å–∏—è: 200 RUB] [–û–¢–ö–õ–û–ù–ï–ù] [–ù–∞ –∫–∞—Ä—Ç–µ –æ—Ç–ø—Ä–∞–≤–∏—Ç–µ–ª—è –Ω–µ–¥–æ—Å—Ç–∞—Ç–æ—á–Ω–æ —Å—Ä–µ–¥—Å—Ç–≤ –¥–ª—è –ø–µ—Ä–µ–≤–æ–¥–∞.] 
[28.02.2024 15:38:08] [5400000000000000 - 4950 RUB] --> [5400000000000001 - 20000 RUB] [–°—É–º–º–∞: 5000 RUB] [–ö–æ–º–∏—Å—Å–∏—è: 50 RUB] [–û–¢–ö–õ–û–ù–ï–ù] [CVV –∫–æ–¥ –∫–∞—Ä—Ç—ã –æ—Ç–ø—Ä–∞–≤–∏—Ç–µ–ª—è –≤–≤–µ–¥–µ–Ω –Ω–µ–≤–µ—Ä–Ω–æ.] 
[28.02.2024 15:38:08] [–û–¢–ö–õ–û–ù–ï–ù] [–û–ø–µ—Ä–∞—Ü–∏—è –Ω–µ –Ω–∞–π–¥–µ–Ω–∞.] 
[29.02.2024 10:15:55] [5400000000000000 - 4950 RUB] --> [5400000000000001 - 20000 RUB] [—ÛÏÏ‡: 5000 RUB] [ ÓÏËÒÒËˇ: 50 RUB] [”—œ≈ÿÕŒ] 
[29.02.2024 10:15:55] [5400000000000000 - 4950 RUB] --> [5400000000000001 - 20000 RUB] [—ÛÏÏ‡: 20000 RUB] [ ÓÏËÒÒËˇ: 200 RUB] [Œ“ ÀŒÕ≈Õ] [Õ‡ Í‡ÚÂ ÓÚÔ‡‚ËÚÂÎˇ ÌÂ‰ÓÒÚ‡ÚÓ˜ÌÓ ÒÂ‰ÒÚ‚ ‰Îˇ ÔÂÂ‚Ó‰‡.] 
[29.02.2024 10:15:55] [5400000000000000 - 4950 RUB] --> [5400000000000001 - 20000 RUB] [—ÛÏÏ‡: 5000 RUB] [ ÓÏËÒÒËˇ: 50 RUB] [Œ“ ÀŒÕ≈Õ] [CVV ÍÓ‰ Í‡Ú˚ ÓÚÔ‡‚ËÚÂÎˇ ‚‚Â‰ÂÌ ÌÂ‚ÂÌÓ.] 
[29.02.2024 10:15:55] [Œ“ ÀŒÕ≈Õ] [ŒÔÂ‡ˆËˇ ÌÂ Ì‡È‰ÂÌ‡.] 
[29.02.2024 10:16:58] [5400000000000000 - 4950 RUB] --> [5400000000000001 - 20000 RUB] [—ÛÏÏ‡: 5000 RUB] [ ÓÏËÒÒËˇ: 50 RUB] [”—œ≈ÿÕŒ] 
[29.02.2024 10:16:58] [5400000000000000 - 4950 RUB] --> [5400000000000001 - 20000 RUB] [—ÛÏÏ‡: 20000 RUB] [ ÓÏËÒÒËˇ: 200 RUB] [Œ“ ÀŒÕ≈Õ] [Õ‡ Í‡ÚÂ ÓÚÔ‡‚ËÚÂÎˇ ÌÂ‰ÓÒÚ‡ÚÓ˜ÌÓ ÒÂ‰ÒÚ‚ ‰Îˇ ÔÂÂ‚Ó‰‡.] 
[29.02.2024 10:16:58] [5400000000000000 - 4950 RUB] --> [5400000000000001 - 20000 RUB] [—ÛÏÏ‡: 5000 RUB] [ ÓÏËÒÒËˇ: 50 RUB] [Œ“ ÀŒÕ≈Õ] [CVV ÍÓ‰ Í‡Ú˚ ÓÚÔ‡‚ËÚÂÎˇ ‚‚Â‰ÂÌ ÌÂ‚ÂÌÓ.] 
[29.02.2024 10:16:58] [Œ“ ÀŒÕ≈Õ] [ŒÔÂ‡ˆËˇ ÌÂ Ì‡È‰ÂÌ‡.] 
[29.02.2024 11:30:34] [5400000000000000 - 10000 RUB] --> [5400000000000001 - 15000 RUB] [–°—É–º–º–∞: 0 RUB] [–ö–æ–º–∏—Å—Å–∏—è: 0 RUB] [–û–¢–ö–õ–û–ù–ï–ù] [CVV –∫–æ–¥ –∫–∞—Ä—Ç—ã –æ—Ç–ø—Ä–∞–≤–∏—Ç–µ–ª—è –≤–≤–µ–¥–µ–Ω –Ω–µ–≤–µ—Ä–Ω–æ.] 
[29.02.2024 12:38:00] [5400000000000000 - 4950 RUB] --> [5400000000000001 - 20000 RUB] [—ÛÏÏ‡: 5000 RUB] [ ÓÏËÒÒËˇ: 50 RUB] [”—œ≈ÿÕŒ] 
[29.02.2024 12:38:00] [5400000000000000 - 4950 RUB] --> [5400000000000001 - 20000 RUB] [—ÛÏÏ‡: 20000 RUB] [ ÓÏËÒÒËˇ: 200 RUB] [Œ“ ÀŒÕ≈Õ] [Õ‡ Í‡ÚÂ ÓÚÔ‡‚ËÚÂÎˇ ÌÂ‰ÓÒÚ‡ÚÓ˜ÌÓ ÒÂ‰ÒÚ‚ ‰Îˇ ÔÂÂ‚Ó‰‡.] 
[29.02.2024 12:38:00] [5400000000000000 - 4950 RUB] --> [5400000000000001 - 20000 RUB] [—ÛÏÏ‡: 5000 RUB] [ ÓÏËÒÒËˇ: 50 RUB] [Œ“ ÀŒÕ≈Õ] [CVV ÍÓ‰ Í‡Ú˚ ÓÚÔ‡‚ËÚÂÎˇ ‚‚Â‰ÂÌ ÌÂ‚ÂÌÓ.] 
[29.02.2024 12:38:00] [Œ“ ÀŒÕ≈Õ] [ŒÔÂ‡ˆËˇ ÌÂ Ì‡È‰ÂÌ‡.] 
[29.02.2024 12:40:34] [5400000000000000 - 4950 RUB] --> [5400000000000001 - 20000 RUB] [—ÛÏÏ‡: 5000 RUB] [ ÓÏËÒÒËˇ: 50 RUB] [”—œ≈ÿÕŒ] 
[29.02.2024 12:40:34] [5400000000000000 - 4950 RUB] --> [5400000000000001 - 20000 RUB] [—ÛÏÏ‡: 20000 RUB] [ ÓÏËÒÒËˇ: 200 RUB] [Œ“ ÀŒÕ≈Õ] [Õ‡ Í‡ÚÂ ÓÚÔ‡‚ËÚÂÎˇ ÌÂ‰ÓÒÚ‡ÚÓ˜ÌÓ ÒÂ‰ÒÚ‚ ‰Îˇ ÔÂÂ‚Ó‰‡.] 
[29.02.2024 12:40:34] [5400000000000000 - 4950 RUB] --> [5400000000000001 - 20000 RUB] [—ÛÏÏ‡: 5000 RUB] [ ÓÏËÒÒËˇ: 50 RUB] [Œ“ ÀŒÕ≈Õ] [CVV ÍÓ‰ Í‡Ú˚ ÓÚÔ‡‚ËÚÂÎˇ ‚‚Â‰ÂÌ ÌÂ‚ÂÌÓ.] 
[29.02.2024 12:40:34] [Œ“ ÀŒÕ≈Õ] [ŒÔÂ‡ˆËˇ ÌÂ Ì‡È‰ÂÌ‡.] 
[29.02.2024 12:44:38] [5400000000000000 - 10000 RUB] --> [5400000000000000 - 10000 RUB] [–°—É–º–º–∞: 4300 RUB] [–ö–æ–º–∏—Å—Å–∏—è: 43 RUB] [–û–¢–ö–õ–û–ù–ï–ù] [–ö–æ–¥ –ø–æ–¥—Ç–≤–µ—Ä–∂–¥–µ–Ω–∏—è –æ–ø–µ—Ä–∞—Ü–∏–∏ –Ω–µ–≤–µ—Ä–µ–Ω.] 
[29.02.2024 12:44:47] [5400000000000000 - 5657 RUB] --> [5400000000000001 - 19300 RUB] [–°—É–º–º–∞: 4300 RUB] [–ö–æ–º–∏—Å—Å–∏—è: 43 RUB] [–£–°–ü–ï–®–ù–û] 
